<?xml version="1.0" encoding="UTF-8"?>
<testsuite name="TestDataClasses" tests="1" skipped="0" failures="0" errors="0" timestamp="2019-07-24T15:22:57" hostname="ppsim-dev-10" time="0.011">
  <properties/>
  <testcase name="testListOfPeople" classname="TestDataClasses" time="0.011"/>
  <system-out><![CDATA[]]></system-out>
  <system-err><![CDATA[]]></system-err>
</testsuite>
