<?xml version="1.0" encoding="UTF-8"?>
<testsuite name="TestFlatMap" tests="2" skipped="0" failures="0" errors="0" timestamp="2019-07-25T14:52:34" hostname="ppsim-dev-10" time="0.029">
  <properties/>
  <testcase name="testGetOrderedProductsSet" classname="TestFlatMap" time="0.028"/>
  <testcase name="testGetAllOrderedProducts" classname="TestFlatMap" time="0.001"/>
  <system-out><![CDATA[]]></system-out>
  <system-err><![CDATA[]]></system-err>
</testsuite>
