<?xml version="1.0" encoding="UTF-8"?>
<testsuite name="TetLazyProperty" tests="2" skipped="0" failures="0" errors="0" timestamp="2019-07-29T17:13:49" hostname="ppsim-dev-10" time="0.004">
  <properties/>
  <testcase name="testLazy" classname="TetLazyProperty" time="0.003"/>
  <testcase name="initializedOnce" classname="TetLazyProperty" time="0.001"/>
  <system-out><![CDATA[]]></system-out>
  <system-err><![CDATA[]]></system-err>
</testsuite>
