<?xml version="1.0" encoding="UTF-8"?>
<testsuite name="TestDelegatesExamples" tests="2" skipped="0" failures="0" errors="0" timestamp="2019-07-30T06:58:45" hostname="ppsim-dev-10" time="0.009">
  <properties/>
  <testcase name="testLazy" classname="TestDelegatesExamples" time="0.008"/>
  <testcase name="initializedOnce" classname="TestDelegatesExamples" time="0.0"/>
  <system-out><![CDATA[]]></system-out>
  <system-err><![CDATA[]]></system-err>
</testsuite>
