<?xml version="1.0" encoding="UTF-8"?>
<testsuite name="TestMultiAssignment" tests="1" skipped="0" failures="0" errors="0" timestamp="2019-07-25T14:38:00" hostname="ppsim-dev-10" time="0.001">
  <properties/>
  <testcase name="testIsLeapDay" classname="TestMultiAssignment" time="0.001"/>
  <system-out><![CDATA[]]></system-out>
  <system-err><![CDATA[]]></system-err>
</testsuite>
