<?xml version="1.0" encoding="UTF-8"?>
<testsuite name="TestNamedArguments" tests="1" skipped="0" failures="0" errors="0" timestamp="2019-07-24T15:13:32" hostname="ppsim-dev-10" time="0.02">
  <properties/>
  <testcase name="testJoinToString" classname="TestNamedArguments" time="0.02"/>
  <system-out><![CDATA[]]></system-out>
  <system-err><![CDATA[]]></system-err>
</testsuite>
