<?xml version="1.0" encoding="UTF-8"?>
<testsuite name="TestInvoke" tests="2" skipped="0" failures="0" errors="0" timestamp="2019-07-25T14:39:38" hostname="ppsim-dev-10" time="0.004">
  <properties/>
  <testcase name="testInvokeTwice" classname="TestInvoke" time="0.003"/>
  <testcase name="testNumberOfInvocations" classname="TestInvoke" time="0.001"/>
  <system-out><![CDATA[]]></system-out>
  <system-err><![CDATA[]]></system-err>
</testsuite>
