<?xml version="1.0" encoding="UTF-8"?>
<testsuite name="TestSamConversions" tests="1" skipped="0" failures="0" errors="0" timestamp="2019-07-24T15:49:06" hostname="ppsim-dev-10" time="0.013">
  <properties/>
  <testcase name="testSort" classname="TestSamConversions" time="0.013"/>
  <system-out><![CDATA[]]></system-out>
  <system-err><![CDATA[]]></system-err>
</testsuite>
