<?xml version="1.0" encoding="UTF-8"?>
<testsuite name="TestStart" tests="1" skipped="0" failures="0" errors="0" timestamp="2019-07-24T14:10:04" hostname="ppsim-dev-10" time="0.0">
  <properties/>
  <testcase name="testOk" classname="TestStart" time="0.0"/>
  <system-out><![CDATA[]]></system-out>
  <system-err><![CDATA[]]></system-err>
</testsuite>
