<?xml version="1.0" encoding="UTF-8"?>
<testsuite name="TestSum" tests="1" skipped="0" failures="0" errors="0" timestamp="2019-07-25T16:10:27" hostname="ppsim-dev-10" time="0.021">
  <properties/>
  <testcase name="testGetTotalOrderPrice" classname="TestSum" time="0.021"/>
  <system-out><![CDATA[]]></system-out>
  <system-err><![CDATA[]]></system-err>
</testsuite>
