<?xml version="1.0" encoding="UTF-8"?>
<testsuite name="TestObjectExpressions" tests="1" skipped="0" failures="0" errors="0" timestamp="2019-07-24T15:48:14" hostname="ppsim-dev-10" time="0.013">
  <properties/>
  <testcase name="testSort" classname="TestObjectExpressions" time="0.013"/>
  <system-out><![CDATA[]]></system-out>
  <system-err><![CDATA[]]></system-err>
</testsuite>
