<?xml version="1.0" encoding="UTF-8"?>
<testsuite name="TestHtmlBuilders" tests="2" skipped="0" failures="0" errors="0" timestamp="2019-07-30T09:26:14" hostname="ppsim-dev-10" time="0.025">
  <properties/>
  <testcase name="productTableIsColored" classname="TestHtmlBuilders" time="0.024"/>
  <testcase name="productTableIsFilled" classname="TestHtmlBuilders" time="0.001"/>
  <system-out><![CDATA[]]></system-out>
  <system-err><![CDATA[]]></system-err>
</testsuite>
