<?xml version="1.0" encoding="UTF-8"?>
<testsuite name="TestLambdas" tests="2" skipped="0" failures="0" errors="0" timestamp="2019-07-24T15:16:48" hostname="ppsim-dev-10" time="0.012">
  <properties/>
  <testcase name="contains" classname="TestLambdas" time="0.011"/>
  <testcase name="notContains" classname="TestLambdas" time="0.0"/>
  <system-out><![CDATA[]]></system-out>
  <system-err><![CDATA[]]></system-err>
</testsuite>
