<?xml version="1.0" encoding="UTF-8"?>
<testsuite name="TestForLoop" tests="2" skipped="0" failures="0" errors="0" timestamp="2019-07-25T13:48:59" hostname="ppsim-dev-10" time="0.017">
  <properties/>
  <testcase name="testIterateOverDateRange" classname="TestForLoop" time="0.016"/>
  <testcase name="testIterateOverEmptyRange" classname="TestForLoop" time="0.0"/>
  <system-out><![CDATA[]]></system-out>
  <system-err><![CDATA[]]></system-err>
</testsuite>
