<?xml version="1.0" encoding="UTF-8"?>
<testsuite name="TestGroupBy" tests="1" skipped="0" failures="0" errors="0" timestamp="2019-07-25T16:11:38" hostname="ppsim-dev-10" time="0.022">
  <properties/>
  <testcase name="testGroupCustomersByCity" classname="TestGroupBy" time="0.022"/>
  <system-out><![CDATA[]]></system-out>
  <system-err><![CDATA[]]></system-err>
</testsuite>
